\BOOKMARK [1][-]{section.1}{Goals}{}% 1
\BOOKMARK [2][-]{subsection.1.1}{Who am I?}{section.1}% 2
\BOOKMARK [2][-]{subsection.1.2}{What is this page?}{section.1}% 3
\BOOKMARK [1][-]{section.2}{Basic Python}{}% 4
\BOOKMARK [2][-]{subsection.2.1}{Installation}{section.2}% 5
\BOOKMARK [3][-]{subsubsection.2.1.1}{IDE}{subsection.2.1}% 6
\BOOKMARK [3][-]{subsubsection.2.1.2}{Wing IDE 101}{subsection.2.1}% 7
\BOOKMARK [2][-]{subsection.2.2}{Further Python Resources}{section.2}% 8
\BOOKMARK [2][-]{subsection.2.3}{Diving In}{section.2}% 9
\BOOKMARK [3][-]{subsubsection.2.3.1}{Basic Text Handling}{subsection.2.3}% 10
\BOOKMARK [3][-]{subsubsection.2.3.2}{Indexing and Slicing}{subsection.2.3}% 11
\BOOKMARK [3][-]{subsubsection.2.3.3}{Including Other Packages}{subsection.2.3}% 12
\BOOKMARK [3][-]{subsubsection.2.3.4}{Objects and methods}{subsection.2.3}% 13
\BOOKMARK [3][-]{subsubsection.2.3.5}{Defining Functions}{subsection.2.3}% 14
\BOOKMARK [3][-]{subsubsection.2.3.6}{Logical Flow}{subsection.2.3}% 15
\BOOKMARK [3][-]{subsubsection.2.3.7}{Review}{subsection.2.3}% 16
\BOOKMARK [2][-]{subsection.2.4}{For Loops}{section.2}% 17
\BOOKMARK [3][-]{subsubsection.2.4.1}{Example}{subsection.2.4}% 18
\BOOKMARK [2][-]{subsection.2.5}{Lists}{section.2}% 19
\BOOKMARK [2][-]{subsection.2.6}{Exercise}{section.2}% 20
\BOOKMARK [3][-]{subsubsection.2.6.1}{Exercise Solutions}{subsection.2.6}% 21
\BOOKMARK [2][-]{subsection.2.7}{dict type}{section.2}% 22
\BOOKMARK [3][-]{subsubsection.2.7.1}{Examples}{subsection.2.7}% 23
\BOOKMARK [3][-]{subsubsection.2.7.2}{Writing to CSV}{subsection.2.7}% 24
\BOOKMARK [3][-]{subsubsection.2.7.3}{A Note on File Objects}{subsection.2.7}% 25
\BOOKMARK [3][-]{subsubsection.2.7.4}{Exercise}{subsection.2.7}% 26
\BOOKMARK [3][-]{subsubsection.2.7.5}{Exercise Solutions}{subsection.2.7}% 27
\BOOKMARK [1][-]{section.3}{Regular Expressions}{}% 28
\BOOKMARK [2][-]{subsection.3.1}{A first example}{section.3}% 29
\BOOKMARK [3][-]{subsubsection.3.1.1}{What the code does}{subsection.3.1}% 30
\BOOKMARK [3][-]{subsubsection.3.1.2}{Different expressions}{subsection.3.1}% 31
\BOOKMARK [2][-]{subsection.3.2}{Further examples}{section.3}% 32
\BOOKMARK [2][-]{subsection.3.3}{Other helpful regex tools}{section.3}% 33
\BOOKMARK [2][-]{subsection.3.4}{Exercise}{section.3}% 34
\BOOKMARK [3][-]{subsubsection.3.4.1}{Solution}{subsection.3.4}% 35
